/home/timko/Github_repos/crucible-upload-uis/prefect_backend.py:27: UserWarning: Logger 'prefect_backend' attempted to send logs to the API without a flow run id. The API log handler can only send logs within flow run contexts unless the flow run id is manually provided. Set PREFECT_LOGGING_TO_API_WHEN_MISSING_FLOW=ignore to suppress this warning.
  logger.info(f'Connected to Crucible Client with API url: {client.api_url}')
18:59:47.654 | INFO    | prefect_backend - Connected to Crucible Client with API url: https://crucible.lbl.gov/api/v2
Your deployments are being served and polling for scheduled runs!

Deployments
┌─────────────────────────────────────────────────┐
│ multi-file-upload/multi-file-upload             │
│ session-upload/session-upload                   │
│ upload-dataset/upload-dataset                   │
│ multi-assignment-upload/multi-assignment-upload │
└─────────────────────────────────────────────────┘

To trigger any of these deployments, use the following command:

        $ prefect deployment run [DEPLOYMENT_NAME]

You can also trigger your deployments via the Prefect UI: http://127.0.0.1:4200/deployments

19:00:19.149 | INFO    | prefect.runner - SIGTERM received, initiating graceful shutdown...
19:00:19.149 | INFO    | prefect.runner - SIGTERM received, initiating graceful shutdown...
Exception ignored in: <coroutine object Runner.astop at 0x7219b3f07680>
Traceback (most recent call last):
  File "/home/timko/.local/share/uv/python/cpython-3.13.13-linux-x86_64-gnu/lib/python3.13/warnings.py", line 692, in _warn_unawaited_coroutine
    warn(msg, category=RuntimeWarning, stacklevel=2, source=coro)
  File "/home/timko/.local/share/uv/python/cpython-3.13.13-linux-x86_64-gnu/lib/python3.13/warnings.py", line 113, in _showwarnmsg
    _showwarnmsg_impl(msg)
  File "/home/timko/.local/share/uv/python/cpython-3.13.13-linux-x86_64-gnu/lib/python3.13/warnings.py", line 28, in _showwarnmsg_impl
    text = _formatwarnmsg(msg)
  File "/home/timko/.local/share/uv/python/cpython-3.13.13-linux-x86_64-gnu/lib/python3.13/warnings.py", line 129, in _formatwarnmsg
    return _formatwarnmsg_impl(msg)
  File "/home/timko/.local/share/uv/python/cpython-3.13.13-linux-x86_64-gnu/lib/python3.13/warnings.py", line 42, in _formatwarnmsg_impl
    line = linecache.getline(msg.filename, msg.lineno)
  File "/home/timko/.local/share/uv/python/cpython-3.13.13-linux-x86_64-gnu/lib/python3.13/linecache.py", line 26, in getline
    lines = getlines(filename, module_globals)
  File "/home/timko/.local/share/uv/python/cpython-3.13.13-linux-x86_64-gnu/lib/python3.13/linecache.py", line 41, in getlines
    return updatecache(filename, module_globals)
  File "/home/timko/.local/share/uv/python/cpython-3.13.13-linux-x86_64-gnu/lib/python3.13/linecache.py", line 168, in updatecache
    lines = fp.readlines()
  File "<frozen codecs>", line 322, in decode
  File "/home/timko/Github_repos/crucible-upload-uis/.venv/lib/python3.13/site-packages/prefect/runner/runner.py", line 560, in handle_sigterm
    sys.exit(0)
SystemExit: 0
19:00:19.167 | INFO    | prefect.runner - Pausing all deployments...
